<?xml version="1.0" encoding="UTF-8"?>
<!-- Generated by org.testng.reporters.JUnitXMLReporter -->
<testsuite ignored="0" hostname="LAPTOP-6BLT8BB7" failures="0" tests="3" name="Test" time="158.113" errors="0" timestamp="2024-01-05T14:16:52 IST">
  <testcase classname="com.Smyttenapplication.testcase.Logintest" name="logintest" time="6.942"/>
  <testcase classname="com.Smyttenapplication.testcase.Totalingproductpriceincarttest" name="validatepropricewithtotalprice" time="51.038"/>
  <testcase classname="com.Smyttenapplication.testcase.gesturestest" name="swipe_scroll" time="72.024"/>
</testsuite> <!-- Test -->
