<?xml version="1.0" encoding="UTF-8"?>
<!-- Generated by org.testng.reporters.JUnitXMLReporter -->
<testsuite ignored="0" hostname="LAPTOP-6BLT8BB7" failures="0" tests="4" name="Test" time="248.893" errors="0" timestamp="2024-01-27T19:01:36 IST">
  <testcase classname="com.Smyttenapplication.testcase.Logintest" name="logintest" time="5.472"/>
  <testcase classname="com.Smyttenapplication.testcase.Totalingproductpriceincarttest" name="validatepropricewithtotalprice" time="68.477"/>
  <testcase classname="com.Smyttenapplication.testcase.gesturestest" name="swipe_scroll" time="51.331">
    <skipped/>
  </testcase> <!-- swipe_scroll -->
  <testcase classname="com.Smyttenapplication.testcase.gesturestest" name="swipe_scroll" time="86.473"/>
</testsuite> <!-- Test -->
