<?xml version="1.0" encoding="UTF-8"?>
<testng-results ignored="0" total="3" passed="3" failed="0" skipped="0">
  <reporter-output>
  </reporter-output>
  <suite started-at="2024-01-05T14:14:14 IST" name="Suite" finished-at="2024-01-05T14:16:52 IST" duration-ms="158113">
    <groups>
    </groups>
    <test started-at="2024-01-05T14:14:14 IST" name="Test" finished-at="2024-01-05T14:16:52 IST" duration-ms="158113">
      <class name="com.Smyttenapplication.testcase.Totalingproductpriceincarttest">
        <test-method is-config="true" signature="setup()[pri:0, instance:com.Smyttenapplication.testcase.Totalingproductpriceincarttest@7bba5817]" started-at="2024-01-05T14:14:31 IST" name="setup" finished-at="2024-01-05T14:14:40 IST" duration-ms="8570" status="PASS">
          <reporter-output>
          </reporter-output>
        </test-method> <!-- setup -->
        <test-method signature="validatepropricewithtotalprice()[pri:0, instance:com.Smyttenapplication.testcase.Totalingproductpriceincarttest@7bba5817]" started-at="2024-01-05T14:14:40 IST" name="validatepropricewithtotalprice" finished-at="2024-01-05T14:15:31 IST" duration-ms="51038" status="PASS">
          <reporter-output>
          </reporter-output>
        </test-method> <!-- validatepropricewithtotalprice -->
        <test-method is-config="true" signature="teardown()[pri:0, instance:com.Smyttenapplication.testcase.Totalingproductpriceincarttest@7bba5817]" started-at="2024-01-05T14:15:31 IST" name="teardown" finished-at="2024-01-05T14:15:32 IST" duration-ms="727" status="PASS">
          <reporter-output>
          </reporter-output>
        </test-method> <!-- teardown -->
      </class> <!-- com.Smyttenapplication.testcase.Totalingproductpriceincarttest -->
      <class name="com.Smyttenapplication.testcase.Logintest">
        <test-method is-config="true" signature="setup()[pri:0, instance:com.Smyttenapplication.testcase.Logintest@f78a47e]" started-at="2024-01-05T14:14:14 IST" name="setup" finished-at="2024-01-05T14:14:24 IST" duration-ms="9588" status="PASS">
          <reporter-output>
          </reporter-output>
        </test-method> <!-- setup -->
        <test-method signature="logintest()[pri:0, instance:com.Smyttenapplication.testcase.Logintest@f78a47e]" started-at="2024-01-05T14:14:24 IST" name="logintest" finished-at="2024-01-05T14:14:31 IST" duration-ms="6942" status="PASS">
          <reporter-output>
          </reporter-output>
        </test-method> <!-- logintest -->
        <test-method is-config="true" signature="teardown()[pri:0, instance:com.Smyttenapplication.testcase.Logintest@f78a47e]" started-at="2024-01-05T14:14:31 IST" name="teardown" finished-at="2024-01-05T14:14:31 IST" duration-ms="598" status="PASS">
          <reporter-output>
          </reporter-output>
        </test-method> <!-- teardown -->
      </class> <!-- com.Smyttenapplication.testcase.Logintest -->
      <class name="com.Smyttenapplication.testcase.gesturestest">
        <test-method is-config="true" signature="setup()[pri:0, instance:com.Smyttenapplication.testcase.gesturestest@742ff096]" started-at="2024-01-05T14:15:32 IST" name="setup" finished-at="2024-01-05T14:15:39 IST" duration-ms="7581" status="PASS">
          <reporter-output>
          </reporter-output>
        </test-method> <!-- setup -->
        <test-method signature="swipe_scroll()[pri:0, instance:com.Smyttenapplication.testcase.gesturestest@742ff096]" started-at="2024-01-05T14:15:39 IST" name="swipe_scroll" finished-at="2024-01-05T14:16:51 IST" duration-ms="72024" status="PASS">
          <reporter-output>
          </reporter-output>
        </test-method> <!-- swipe_scroll -->
        <test-method is-config="true" signature="teardown()[pri:0, instance:com.Smyttenapplication.testcase.gesturestest@742ff096]" started-at="2024-01-05T14:16:51 IST" name="teardown" finished-at="2024-01-05T14:16:52 IST" duration-ms="624" status="PASS">
          <reporter-output>
          </reporter-output>
        </test-method> <!-- teardown -->
      </class> <!-- com.Smyttenapplication.testcase.gesturestest -->
    </test> <!-- Test -->
  </suite> <!-- Suite -->
</testng-results>
